2023-05-16 13:16:09,555 =============================================================
2023-05-16 13:16:09,555 =============================================================
2023-05-16 13:16:09,555 Today is 2023-05-16 at 01:16 PM
2023-05-16 13:16:09,570 This file is running on: nt Windows 10
2023-05-16 13:16:09,570 The Python version is: 3.11.3
2023-05-16 13:16:09,570 The active conda environment is:  None
2023-05-16 13:16:09,570 The active pip environment is:    None
2023-05-16 13:16:09,570 The active environment path is:   C:\Users\cjack\AppData\Local\Programs\Python\Python311
2023-05-16 13:16:09,571 The current working directory is: C:\Users\cjack\Documents\GitHub\data-analytics-fund\datafun-02-functions
2023-05-16 13:16:09,571 This source file is in:           C:\Users\cjack\Documents\GitHub\data-analytics-fund\datafun-02-functions
2023-05-16 13:16:09,571 =============================================================
2023-05-16 13:16:09,571 =============================================================
2023-05-16 13:16:09,571 Created: NumericSeries with name=Quiz Scores Module 1, units=pts, and 6 data points: [9, 9, 10, 9, 7, 10]
2023-05-16 13:16:09,571 Created: NumericSeries with name=Quiz Scores Module 2, units=pts, and 8 data points: [8, 10, 8, 10, 8, 10, 10, 10]
2023-05-16 13:16:09,571 Created: NumericSeries with name=Quiz Scores Module 3, units=pts, and 4 data points: [7, 8, 9, 10]
2023-05-16 13:16:09,571 NumericSeries with name=Quiz Scores Module 1, units=pts, and 6 data points: [9, 9, 10, 9, 7, 10]
2023-05-16 13:16:09,571 Count: 6
2023-05-16 13:16:09,571 Sum: 54
2023-05-16 13:16:09,571 Mean: 9.0
2023-05-16 13:16:09,571 Median: 9.0
2023-05-16 13:16:09,571 ------------------
2023-05-16 13:16:09,571 NumericSeries with name=Quiz Scores Module 2, units=pts, and 8 data points: [8, 10, 8, 10, 8, 10, 10, 10]
2023-05-16 13:16:09,571 Count: 8
2023-05-16 13:16:09,571 Sum: 74
2023-05-16 13:16:09,571 Mean: 9.25
2023-05-16 13:16:09,571 Median: 10.0
2023-05-16 13:16:09,571 ------------------
2023-05-16 13:16:09,571 NumericSeries with name=Quiz Scores Module 3, units=pts, and 4 data points: [7, 8, 9, 10]
2023-05-16 13:16:09,571 Count: 4
2023-05-16 13:16:09,571 Sum: 34
2023-05-16 13:16:09,571 Mean: 8.5
2023-05-16 13:16:09,571 Median: 8.5
2023-05-16 13:16:09,571 ------------------
